[r.mobirisesite.com/1297792/assets/images/logoc89f.png]
[backblue.gif]
[fade.gif]
[index.html]
[r.mobirisesite.com/1297792/assets/web/assets/mobirise-icons2/mobirise2.css]
[r.mobirisesite.com/1297792/assets/bootstrap/css/bootstrap.min.css]
[r.mobirisesite.com/1297792/assets/bootstrap/css/bootstrap-grid.min.css]
[r.mobirisesite.com/1297792/assets/bootstrap/css/bootstrap-reboot.min.css]
[r.mobirisesite.com/1297792/assets/dropdown/css/style.css]
[r.mobirisesite.com/1297792/assets/socicon/css/styles.css]
[r.mobirisesite.com/1297792/assets/theme/css/style.css]
[r.mobirisesite.com/1297792/assets/mobirise/css/mbr-additionalc63d.css]
[r.mobirisesite.com/1297792/assets/images/screenshot-68c89f.png]
[r.mobirisesite.com/1297792/assets/images/img-3855c89f.jpg]
[r.mobirisesite.com/1297792/assets/images/img-2437c89f.jpg]
[r.mobirisesite.com/1297792/assets/images/imagec89f.png]
[r.mobirisesite.com/1297792/assets/images/img-20250314c89f.jpg]
[r.mobirisesite.com/1297792/assets/bootstrap/js/bootstrap.bundle.min.js]
[r.mobirisesite.com/1297792/assets/smoothscroll/smooth-scroll.js]
[r.mobirisesite.com/1297792/assets/ytplayer/index.js]
[r.mobirisesite.com/1297792/assets/dropdown/js/navbar-dropdown.js]
[sharedtruthsg4.mobirisesite.com/index.html]
[r.mobirisesite.com/1297792/assets/theme/js/script.js]
[r.mobirisesite.com/1297792/assets/web/assets/mobirise-icons2/mobirise21e04.eot]
[r.mobirisesite.com/1297792/assets/web/assets/mobirise-icons2/mobirise21e04.ttf]
[r.mobirisesite.com/1297792/assets/web/assets/mobirise-icons2/mobirise21e04.woff]
[r.mobirisesite.com/1297792/assets/web/assets/mobirise-icons2/mobirise2.css]
[r.mobirisesite.com/1297792/assets/bootstrap/css/bootstrap.min.css]
[r.mobirisesite.com/1297792/assets/bootstrap/css/bootstrap-grid.min.css]
[r.mobirisesite.com/1297792/assets/bootstrap/css/bootstrap-reboot.min.css]
[r.mobirisesite.com/1297792/assets/dropdown/css/style.css]
[r.mobirisesite.com/1297792/assets/socicon/css/styles.css]
[r.mobirisesite.com/1297792/assets/theme/css/style.css]
[r.mobirisesite.com/1297792/assets/web/assets/mobirise-icons2/mobirise21e04.svg]
[r.mobirisesite.com/1297792/assets/images/downloadc89f.png]
[r.mobirisesite.com/1297792/assets/mobirise/css/mbr-additionalc63d.css]
[r.mobirisesite.com/1297792/assets/web/assets/mobirise-icons2/mobirise21e04.svg]
